build/app/intermediates/manifest_merge_blame_file/release/processReleaseMainManifest/manifest-merger-blame-release-report.txt
1<?xml version="1.0" encoding="utf-8"?>
2<manifest xmlns:android="http://schemas.android.com/apk/res/android"
3    package="com.innoqlate.innlite_mobile"
4    android:versionCode="2"
5    android:versionName="2" >
6
7    <uses-sdk
8        android:minSdkVersion="21"
9        android:targetSdkVersion="35" />
10
11    <queries>
11-->src/main/AndroidManifest.xml:45:5-66:15
12
13        <!-- If your app opens https URLs -->
14        <intent>
14-->src/main/AndroidManifest.xml:47:9-50:18
15            <action android:name="android.intent.action.VIEW" />
15-->src/main/AndroidManifest.xml:48:13-65
15-->src/main/AndroidManifest.xml:48:21-62
16
17            <data android:scheme="https" />
17-->src/main/AndroidManifest.xml:49:13-44
17-->src/main/AndroidManifest.xml:49:19-41
18        </intent>
19        <!-- If your app makes calls -->
20        <intent>
20-->src/main/AndroidManifest.xml:52:9-55:18
21            <action android:name="android.intent.action.DIAL" />
21-->src/main/AndroidManifest.xml:53:13-65
21-->src/main/AndroidManifest.xml:53:21-62
22
23            <data android:scheme="tel" />
23-->src/main/AndroidManifest.xml:49:13-44
23-->src/main/AndroidManifest.xml:49:19-41
24        </intent>
25        <!-- If your sends SMS messages -->
26        <intent>
26-->src/main/AndroidManifest.xml:57:9-60:18
27            <action android:name="android.intent.action.SENDTO" />
27-->src/main/AndroidManifest.xml:58:13-67
27-->src/main/AndroidManifest.xml:58:21-64
28
29            <data android:scheme="smsto" />
29-->src/main/AndroidManifest.xml:49:13-44
29-->src/main/AndroidManifest.xml:49:19-41
30        </intent>
31        <!-- If your app sends emails -->
32        <intent>
32-->src/main/AndroidManifest.xml:62:9-65:18
33            <action android:name="android.intent.action.SEND" />
33-->src/main/AndroidManifest.xml:63:13-65
33-->src/main/AndroidManifest.xml:63:21-62
34
35            <data android:mimeType="*/*" />
35-->src/main/AndroidManifest.xml:49:13-44
35-->src/main/AndroidManifest.xml:64:19-41
36        </intent>
37        <intent>
37-->[:flutter_inappwebview_android] AndroidManifest.xml:8:9-10:18
38            <action android:name="android.support.customtabs.action.CustomTabsService" />
38-->[:flutter_inappwebview_android] AndroidManifest.xml:9:13-90
38-->[:flutter_inappwebview_android] AndroidManifest.xml:9:21-87
39        </intent>
40    </queries>
41
42    <uses-permission android:name="android.permission.INTERNET" />
42-->src/main/AndroidManifest.xml:67:5-67
42-->src/main/AndroidManifest.xml:67:22-64
43    <uses-permission android:name="android.permission.ACCESS_NETWORK_STATE" />
43-->src/main/AndroidManifest.xml:68:5-79
43-->src/main/AndroidManifest.xml:68:22-76
44    <uses-permission android:name="android.permission.WAKE_LOCK" />
44-->src/main/AndroidManifest.xml:69:5-68
44-->src/main/AndroidManifest.xml:69:22-65
45    <uses-permission android:name="android.permission.READ_EXTERNAL_STORAGE" />
45-->src/main/AndroidManifest.xml:70:5-79
45-->src/main/AndroidManifest.xml:70:22-77
46    <uses-permission android:name="android.permission.VIBRATE" />
46-->src/main/AndroidManifest.xml:71:5-66
46-->src/main/AndroidManifest.xml:71:22-63
47    <uses-permission android:name="android.permission.WRITE_EXTERNAL_STORAGE" />
47-->src/main/AndroidManifest.xml:72:5-80
47-->src/main/AndroidManifest.xml:72:22-78
48
49    <permission
49-->[androidx.core:core:1.13.1] AndroidManifest.xml:22:5-24:47
50        android:name="com.innoqlate.innlite_mobile.DYNAMIC_RECEIVER_NOT_EXPORTED_PERMISSION"
50-->[androidx.core:core:1.13.1] AndroidManifest.xml:23:9-81
51        android:protectionLevel="signature" />
51-->[androidx.core:core:1.13.1] AndroidManifest.xml:24:9-44
52
53    <uses-permission android:name="com.innoqlate.innlite_mobile.DYNAMIC_RECEIVER_NOT_EXPORTED_PERMISSION" />
53-->[androidx.core:core:1.13.1] AndroidManifest.xml:26:5-97
53-->[androidx.core:core:1.13.1] AndroidManifest.xml:26:22-94
54
55    <application
55-->src/main/AndroidManifest.xml:2:4-44:19
56        android:appComponentFactory="androidx.core.app.CoreComponentFactory"
56-->[androidx.core:core:1.13.1] AndroidManifest.xml:28:18-86
57        android:extractNativeLibs="true"
58        android:icon="@drawable/logo"
58-->src/main/AndroidManifest.xml:4:9-38
59        android:label="Innoqlate-PNB"
59-->src/main/AndroidManifest.xml:3:9-38
60        android:usesCleartextTraffic="true" >
60-->src/main/AndroidManifest.xml:6:8-43
61        <activity
61-->src/main/AndroidManifest.xml:7:9-37:20
62            android:name="com.innoqlate.innlite_mobile.MainActivity"
62-->src/main/AndroidManifest.xml:8:13-41
63            android:configChanges="orientation|keyboardHidden|keyboard|screenSize|smallestScreenSize|locale|layoutDirection|fontScale|screenLayout|density|uiMode"
63-->src/main/AndroidManifest.xml:12:13-163
64            android:exported="true"
64-->src/main/AndroidManifest.xml:11:13-36
65            android:hardwareAccelerated="true"
65-->src/main/AndroidManifest.xml:13:13-47
66            android:launchMode="singleTop"
66-->src/main/AndroidManifest.xml:9:13-43
67            android:theme="@style/LaunchTheme"
67-->src/main/AndroidManifest.xml:10:13-47
68            android:windowSoftInputMode="adjustResize" >
68-->src/main/AndroidManifest.xml:14:13-55
69
70            <!--
71                 Specifies an Android theme to apply to this Activity as soon as
72                 the Android process has started. This theme is visible to the user
73                 while the Flutter UI initializes. After that, this theme continues
74                 to determine the Window background behind the Flutter UI.
75            -->
76            <meta-data
76-->src/main/AndroidManifest.xml:19:13-22:17
77                android:name="io.flutter.embedding.android.NormalTheme"
77-->src/main/AndroidManifest.xml:20:15-70
78                android:resource="@style/NormalTheme" />
78-->src/main/AndroidManifest.xml:21:15-52
79            <!--
80                 Displays an Android View that continues showing the launch screen
81                 Drawable until Flutter paints its first frame, then this splash
82                 screen fades out. A splash screen is useful to avoid any visual
83                 gap between the end of Android's launch screen and the painting of
84                 Flutter's first frame.
85            -->
86            <meta-data
86-->src/main/AndroidManifest.xml:28:13-31:17
87                android:name="io.flutter.embedding.android.SplashScreenDrawable"
87-->src/main/AndroidManifest.xml:29:15-79
88                android:resource="@drawable/launch_background" />
88-->src/main/AndroidManifest.xml:30:15-61
89
90            <intent-filter>
90-->src/main/AndroidManifest.xml:32:13-35:29
91                <action android:name="android.intent.action.MAIN" />
91-->src/main/AndroidManifest.xml:33:17-68
91-->src/main/AndroidManifest.xml:33:25-66
92
93                <category android:name="android.intent.category.LAUNCHER" />
93-->src/main/AndroidManifest.xml:34:17-76
93-->src/main/AndroidManifest.xml:34:27-74
94            </intent-filter>
95        </activity>
96
97        <!--
98             Don't delete the meta-data below.
99             This is used by the Flutter tool to generate GeneratedPluginRegistrant.java
100        -->
101        <meta-data
101-->src/main/AndroidManifest.xml:41:9-43:33
102            android:name="flutterEmbedding"
102-->src/main/AndroidManifest.xml:42:13-44
103            android:value="2" />
103-->src/main/AndroidManifest.xml:43:13-30
104
105        <activity
105-->[:flutter_inappwebview_android] AndroidManifest.xml:14:9-18:47
106            android:name="com.pichillilorenzo.flutter_inappwebview_android.in_app_browser.InAppBrowserActivity"
106-->[:flutter_inappwebview_android] AndroidManifest.xml:15:13-112
107            android:configChanges="orientation|keyboardHidden|keyboard|screenSize|locale|layoutDirection|fontScale|screenLayout|density"
107-->[:flutter_inappwebview_android] AndroidManifest.xml:16:13-137
108            android:exported="false"
108-->[:flutter_inappwebview_android] AndroidManifest.xml:17:13-37
109            android:theme="@style/AppTheme" />
109-->[:flutter_inappwebview_android] AndroidManifest.xml:18:13-44
110        <activity
110-->[:flutter_inappwebview_android] AndroidManifest.xml:19:9-22:55
111            android:name="com.pichillilorenzo.flutter_inappwebview_android.chrome_custom_tabs.ChromeCustomTabsActivity"
111-->[:flutter_inappwebview_android] AndroidManifest.xml:20:13-120
112            android:exported="false"
112-->[:flutter_inappwebview_android] AndroidManifest.xml:21:13-37
113            android:theme="@style/ThemeTransparent" />
113-->[:flutter_inappwebview_android] AndroidManifest.xml:22:13-52
114        <activity
114-->[:flutter_inappwebview_android] AndroidManifest.xml:23:9-26:55
115            android:name="com.pichillilorenzo.flutter_inappwebview_android.chrome_custom_tabs.TrustedWebActivity"
115-->[:flutter_inappwebview_android] AndroidManifest.xml:24:13-114
116            android:exported="false"
116-->[:flutter_inappwebview_android] AndroidManifest.xml:25:13-37
117            android:theme="@style/ThemeTransparent" />
117-->[:flutter_inappwebview_android] AndroidManifest.xml:26:13-52
118        <activity
118-->[:flutter_inappwebview_android] AndroidManifest.xml:27:9-31:55
119            android:name="com.pichillilorenzo.flutter_inappwebview_android.chrome_custom_tabs.ChromeCustomTabsActivitySingleInstance"
119-->[:flutter_inappwebview_android] AndroidManifest.xml:28:13-134
120            android:exported="false"
120-->[:flutter_inappwebview_android] AndroidManifest.xml:29:13-37
121            android:launchMode="singleInstance"
121-->[:flutter_inappwebview_android] AndroidManifest.xml:30:13-48
122            android:theme="@style/ThemeTransparent" />
122-->[:flutter_inappwebview_android] AndroidManifest.xml:31:13-52
123        <activity
123-->[:flutter_inappwebview_android] AndroidManifest.xml:32:9-36:55
124            android:name="com.pichillilorenzo.flutter_inappwebview_android.chrome_custom_tabs.TrustedWebActivitySingleInstance"
124-->[:flutter_inappwebview_android] AndroidManifest.xml:33:13-128
125            android:exported="false"
125-->[:flutter_inappwebview_android] AndroidManifest.xml:34:13-37
126            android:launchMode="singleInstance"
126-->[:flutter_inappwebview_android] AndroidManifest.xml:35:13-48
127            android:theme="@style/ThemeTransparent" />
127-->[:flutter_inappwebview_android] AndroidManifest.xml:36:13-52
128
129        <receiver
129-->[:flutter_inappwebview_android] AndroidManifest.xml:38:9-41:40
130            android:name="com.pichillilorenzo.flutter_inappwebview_android.chrome_custom_tabs.ActionBroadcastReceiver"
130-->[:flutter_inappwebview_android] AndroidManifest.xml:39:13-119
131            android:enabled="true"
131-->[:flutter_inappwebview_android] AndroidManifest.xml:40:13-35
132            android:exported="false" />
132-->[:flutter_inappwebview_android] AndroidManifest.xml:41:13-37
133
134        <meta-data
134-->[:flutter_inappwebview_android] AndroidManifest.xml:43:9-45:36
135            android:name="io.flutter.embedded_views_preview"
135-->[:flutter_inappwebview_android] AndroidManifest.xml:44:13-61
136            android:value="true" />
136-->[:flutter_inappwebview_android] AndroidManifest.xml:45:13-33
137
138        <activity
138-->[:url_launcher_android] AndroidManifest.xml:8:9-11:74
139            android:name="io.flutter.plugins.urllauncher.WebViewActivity"
139-->[:url_launcher_android] AndroidManifest.xml:9:13-74
140            android:exported="false"
140-->[:url_launcher_android] AndroidManifest.xml:10:13-37
141            android:theme="@android:style/Theme.NoTitleBar.Fullscreen" />
141-->[:url_launcher_android] AndroidManifest.xml:11:13-71
142
143        <uses-library
143-->[androidx.window:window:1.2.0] AndroidManifest.xml:23:9-25:40
144            android:name="androidx.window.extensions"
144-->[androidx.window:window:1.2.0] AndroidManifest.xml:24:13-54
145            android:required="false" />
145-->[androidx.window:window:1.2.0] AndroidManifest.xml:25:13-37
146        <uses-library
146-->[androidx.window:window:1.2.0] AndroidManifest.xml:26:9-28:40
147            android:name="androidx.window.sidecar"
147-->[androidx.window:window:1.2.0] AndroidManifest.xml:27:13-51
148            android:required="false" />
148-->[androidx.window:window:1.2.0] AndroidManifest.xml:28:13-37
149
150        <provider
150-->[androidx.emoji2:emoji2:1.2.0] AndroidManifest.xml:24:9-32:20
151            android:name="androidx.startup.InitializationProvider"
151-->[androidx.emoji2:emoji2:1.2.0] AndroidManifest.xml:25:13-67
152            android:authorities="com.innoqlate.innlite_mobile.androidx-startup"
152-->[androidx.emoji2:emoji2:1.2.0] AndroidManifest.xml:26:13-68
153            android:exported="false" >
153-->[androidx.emoji2:emoji2:1.2.0] AndroidManifest.xml:27:13-37
154            <meta-data
154-->[androidx.emoji2:emoji2:1.2.0] AndroidManifest.xml:29:13-31:52
155                android:name="androidx.emoji2.text.EmojiCompatInitializer"
155-->[androidx.emoji2:emoji2:1.2.0] AndroidManifest.xml:30:17-75
156                android:value="androidx.startup" />
156-->[androidx.emoji2:emoji2:1.2.0] AndroidManifest.xml:31:17-49
157            <meta-data
157-->[androidx.lifecycle:lifecycle-process:2.7.0] AndroidManifest.xml:29:13-31:52
158                android:name="androidx.lifecycle.ProcessLifecycleInitializer"
158-->[androidx.lifecycle:lifecycle-process:2.7.0] AndroidManifest.xml:30:17-78
159                android:value="androidx.startup" />
159-->[androidx.lifecycle:lifecycle-process:2.7.0] AndroidManifest.xml:31:17-49
160            <meta-data
160-->[androidx.profileinstaller:profileinstaller:1.3.1] AndroidManifest.xml:29:13-31:52
161                android:name="androidx.profileinstaller.ProfileInstallerInitializer"
161-->[androidx.profileinstaller:profileinstaller:1.3.1] AndroidManifest.xml:30:17-85
162                android:value="androidx.startup" />
162-->[androidx.profileinstaller:profileinstaller:1.3.1] AndroidManifest.xml:31:17-49
163        </provider>
164
165        <receiver
165-->[androidx.profileinstaller:profileinstaller:1.3.1] AndroidManifest.xml:34:9-52:20
166            android:name="androidx.profileinstaller.ProfileInstallReceiver"
166-->[androidx.profileinstaller:profileinstaller:1.3.1] AndroidManifest.xml:35:13-76
167            android:directBootAware="false"
167-->[androidx.profileinstaller:profileinstaller:1.3.1] AndroidManifest.xml:36:13-44
168            android:enabled="true"
168-->[androidx.profileinstaller:profileinstaller:1.3.1] AndroidManifest.xml:37:13-35
169            android:exported="true"
169-->[androidx.profileinstaller:profileinstaller:1.3.1] AndroidManifest.xml:38:13-36
170            android:permission="android.permission.DUMP" >
170-->[androidx.profileinstaller:profileinstaller:1.3.1] AndroidManifest.xml:39:13-57
171            <intent-filter>
171-->[androidx.profileinstaller:profileinstaller:1.3.1] AndroidManifest.xml:40:13-42:29
172                <action android:name="androidx.profileinstaller.action.INSTALL_PROFILE" />
172-->[androidx.profileinstaller:profileinstaller:1.3.1] AndroidManifest.xml:41:17-91
172-->[androidx.profileinstaller:profileinstaller:1.3.1] AndroidManifest.xml:41:25-88
173            </intent-filter>
174            <intent-filter>
174-->[androidx.profileinstaller:profileinstaller:1.3.1] AndroidManifest.xml:43:13-45:29
175                <action android:name="androidx.profileinstaller.action.SKIP_FILE" />
175-->[androidx.profileinstaller:profileinstaller:1.3.1] AndroidManifest.xml:44:17-85
175-->[androidx.profileinstaller:profileinstaller:1.3.1] AndroidManifest.xml:44:25-82
176            </intent-filter>
177            <intent-filter>
177-->[androidx.profileinstaller:profileinstaller:1.3.1] AndroidManifest.xml:46:13-48:29
178                <action android:name="androidx.profileinstaller.action.SAVE_PROFILE" />
178-->[androidx.profileinstaller:profileinstaller:1.3.1] AndroidManifest.xml:47:17-88
178-->[androidx.profileinstaller:profileinstaller:1.3.1] AndroidManifest.xml:47:25-85
179            </intent-filter>
180            <intent-filter>
180-->[androidx.profileinstaller:profileinstaller:1.3.1] AndroidManifest.xml:49:13-51:29
181                <action android:name="androidx.profileinstaller.action.BENCHMARK_OPERATION" />
181-->[androidx.profileinstaller:profileinstaller:1.3.1] AndroidManifest.xml:50:17-95
181-->[androidx.profileinstaller:profileinstaller:1.3.1] AndroidManifest.xml:50:25-92
182            </intent-filter>
183        </receiver>
184    </application>
185
186</manifest>